Loading CIFAR-10 ...
  train (50000, 3072), test (10000, 3072)
Training curve 1 (no augmentation) ...
  epoch  1/30  loss=1.690  train_acc=0.483  val_acc=0.446
  epoch  2/30  loss=1.407  train_acc=0.554  val_acc=0.486
  epoch  3/30  loss=1.280  train_acc=0.607  val_acc=0.508
  epoch  4/30  loss=1.179  train_acc=0.642  val_acc=0.519
  epoch  5/30  loss=1.095  train_acc=0.653  val_acc=0.511
  epoch  6/30  loss=1.016  train_acc=0.676  val_acc=0.510
  epoch  7/30  loss=0.945  train_acc=0.691  val_acc=0.501
  epoch  8/30  loss=0.873  train_acc=0.717  val_acc=0.507
  epoch  9/30  loss=0.809  train_acc=0.736  val_acc=0.510
  epoch 10/30  loss=0.746  train_acc=0.737  val_acc=0.497
  epoch 11/30  loss=0.686  train_acc=0.788  val_acc=0.515
  epoch 12/30  loss=0.634  train_acc=0.808  val_acc=0.523
  epoch 13/30  loss=0.582  train_acc=0.812  val_acc=0.516
  epoch 14/30  loss=0.517  train_acc=0.850  val_acc=0.517
  epoch 15/30  loss=0.476  train_acc=0.857  val_acc=0.515
  epoch 16/30  loss=0.437  train_acc=0.867  val_acc=0.512
  epoch 17/30  loss=0.394  train_acc=0.879  val_acc=0.510
  epoch 18/30  loss=0.348  train_acc=0.897  val_acc=0.519
  epoch 19/30  loss=0.309  train_acc=0.903  val_acc=0.518
  epoch 20/30  loss=0.273  train_acc=0.920  val_acc=0.518
  epoch 21/30  loss=0.251  train_acc=0.914  val_acc=0.512
  epoch 22/30  loss=0.221  train_acc=0.918  val_acc=0.506
  epoch 23/30  loss=0.192  train_acc=0.931  val_acc=0.513
  epoch 24/30  loss=0.165  train_acc=0.956  val_acc=0.522
  epoch 25/30  loss=0.141  train_acc=0.964  val_acc=0.519
  epoch 26/30  loss=0.139  train_acc=0.950  val_acc=0.517
  epoch 27/30  loss=0.125  train_acc=0.969  val_acc=0.525
  epoch 28/30  loss=0.092  train_acc=0.974  val_acc=0.527
  epoch 29/30  loss=0.073  train_acc=0.986  val_acc=0.533
  epoch 30/30  loss=0.054  train_acc=0.987  val_acc=0.535
Training curve 2 (random-crop augmentation) ...
  epoch  1/30  loss=2.018  train_acc=0.303  val_acc=0.303
  epoch  2/30  loss=1.876  train_acc=0.329  val_acc=0.335
  epoch  3/30  loss=1.832  train_acc=0.368  val_acc=0.368
  epoch  4/30  loss=1.802  train_acc=0.373  val_acc=0.374
  epoch  5/30  loss=1.779  train_acc=0.369  val_acc=0.369
  epoch  6/30  loss=1.756  train_acc=0.375  val_acc=0.381
  epoch  7/30  loss=1.743  train_acc=0.384  val_acc=0.380
  epoch  8/30  loss=1.730  train_acc=0.393  val_acc=0.389
  epoch  9/30  loss=1.718  train_acc=0.400  val_acc=0.407
  epoch 10/30  loss=1.703  train_acc=0.403  val_acc=0.405
  epoch 11/30  loss=1.693  train_acc=0.402  val_acc=0.397
  epoch 12/30  loss=1.683  train_acc=0.407  val_acc=0.407
  epoch 13/30  loss=1.679  train_acc=0.397  val_acc=0.400
  epoch 14/30  loss=1.668  train_acc=0.414  val_acc=0.413
  epoch 15/30  loss=1.659  train_acc=0.413  val_acc=0.412
  epoch 16/30  loss=1.653  train_acc=0.412  val_acc=0.408
  epoch 17/30  loss=1.642  train_acc=0.422  val_acc=0.422
  epoch 18/30  loss=1.638  train_acc=0.417  val_acc=0.410
  epoch 19/30  loss=1.633  train_acc=0.423  val_acc=0.423
  epoch 20/30  loss=1.628  train_acc=0.427  val_acc=0.418
  epoch 21/30  loss=1.621  train_acc=0.432  val_acc=0.424
  epoch 22/30  loss=1.616  train_acc=0.435  val_acc=0.428
  epoch 23/30  loss=1.612  train_acc=0.426  val_acc=0.419
  epoch 24/30  loss=1.605  train_acc=0.424  val_acc=0.422
  epoch 25/30  loss=1.595  train_acc=0.432  val_acc=0.429
  epoch 26/30  loss=1.591  train_acc=0.440  val_acc=0.431
  epoch 27/30  loss=1.591  train_acc=0.437  val_acc=0.437
  epoch 28/30  loss=1.583  train_acc=0.436  val_acc=0.434
  epoch 29/30  loss=1.579  train_acc=0.442  val_acc=0.437
  epoch 30/30  loss=1.577  train_acc=0.438  val_acc=0.432
{
  "epochs": 30,
  "lr": 0.05,
  "batch_size": 128,
  "final_train_acc_plain": 0.98718,
  "final_val_acc_plain": 0.5349,
  "final_train_acc_aug": 0.43774,
  "final_val_acc_aug": 0.4325,
  "seconds": 2544.9
}
Saved figure to results/hw1\cifar10_curves.png
